2022-12-02 21:41:34.7049|$logger}|DEBUG|init main 
2022-12-02 21:41:35.6807|$logger}|INFO|BLCoreWorkerService running at: 12/02/2022 21:41:35 -05:00, command: (null) 
2022-12-02 21:41:35.7023|$logger}|INFO|Application started. Press Ctrl+C to shut down. 
2022-12-02 21:41:35.7023|$logger}|INFO|Hosting environment: Development 
2022-12-02 21:41:35.7023|$logger}|INFO|Content root path: C:\Users\pmcar\source\repos\BLCoreWebAPI 
2022-12-02 21:41:35.7936|$logger}|INFO|BLCoreWorkerService is running... 
2022-12-02 21:41:36.7011|$logger}|INFO|BLCoreWorkerService running at: 12/02/2022 21:41:36 -05:00, command: (null) 
2022-12-02 21:41:37.7142|$logger}|INFO|BLCoreWorkerService running at: 12/02/2022 21:41:37 -05:00, command: (null) 
2022-12-02 21:41:38.7282|$logger}|INFO|BLCoreWorkerService running at: 12/02/2022 21:41:38 -05:00, command: (null) 
2022-12-02 21:41:39.7440|$logger}|INFO|BLCoreWorkerService running at: 12/02/2022 21:41:39 -05:00, command: (null) 
2022-12-02 21:41:40.7590|$logger}|INFO|BLCoreWorkerService running at: 12/02/2022 21:41:40 -05:00, command: (null) 
2022-12-02 21:41:41.7735|$logger}|INFO|BLCoreWorkerService running at: 12/02/2022 21:41:41 -05:00, command: (null) 
2022-12-02 21:41:42.7913|$logger}|INFO|BLCoreWorkerService running at: 12/02/2022 21:41:42 -05:00, command: (null) 
2022-12-02 21:41:43.8044|$logger}|INFO|BLCoreWorkerService running at: 12/02/2022 21:41:43 -05:00, command: (null) 
2022-12-02 21:41:44.8174|$logger}|INFO|BLCoreWorkerService running at: 12/02/2022 21:41:44 -05:00, command: (null) 
2022-12-02 21:41:45.8335|$logger}|INFO|BLCoreWorkerService running at: 12/02/2022 21:41:45 -05:00, command: (null) 
2022-12-02 21:41:46.8342|$logger}|INFO|BLCoreWorkerService running at: 12/02/2022 21:41:46 -05:00, command: (null) 
2022-12-02 21:41:47.8495|$logger}|INFO|BLCoreWorkerService running at: 12/02/2022 21:41:47 -05:00, command: (null) 
2022-12-02 21:41:48.8507|$logger}|INFO|BLCoreWorkerService running at: 12/02/2022 21:41:48 -05:00, command: (null) 
2022-12-02 21:41:49.8525|$logger}|INFO|BLCoreWorkerService running at: 12/02/2022 21:41:49 -05:00, command: (null) 
2022-12-02 21:41:50.8683|$logger}|INFO|BLCoreWorkerService running at: 12/02/2022 21:41:50 -05:00, command: (null) 
2022-12-02 21:41:51.8839|$logger}|INFO|BLCoreWorkerService running at: 12/02/2022 21:41:51 -05:00, command: (null) 
2022-12-02 21:41:52.8991|$logger}|INFO|BLCoreWorkerService running at: 12/02/2022 21:41:52 -05:00, command: (null) 
2022-12-02 21:41:53.9144|$logger}|INFO|BLCoreWorkerService running at: 12/02/2022 21:41:53 -05:00, command: (null) 
2022-12-02 21:41:54.9303|$logger}|INFO|BLCoreWorkerService running at: 12/02/2022 21:41:54 -05:00, command: (null) 
2022-12-02 21:41:55.9461|$logger}|INFO|BLCoreWorkerService running at: 12/02/2022 21:41:55 -05:00, command: (null) 
2022-12-02 21:41:56.9596|$logger}|INFO|BLCoreWorkerService running at: 12/02/2022 21:41:56 -05:00, command: (null) 
2022-12-02 21:41:57.9750|$logger}|INFO|BLCoreWorkerService running at: 12/02/2022 21:41:57 -05:00, command: (null) 
2022-12-02 21:41:58.9893|$logger}|INFO|BLCoreWorkerService running at: 12/02/2022 21:41:58 -05:00, command: (null) 
2022-12-02 21:41:59.9907|$logger}|INFO|BLCoreWorkerService running at: 12/02/2022 21:41:59 -05:00, command: (null) 
2022-12-02 21:42:01.0061|$logger}|INFO|BLCoreWorkerService running at: 12/02/2022 21:42:01 -05:00, command: (null) 
2022-12-02 21:42:02.0206|$logger}|INFO|BLCoreWorkerService running at: 12/02/2022 21:42:02 -05:00, command: (null) 
2022-12-02 21:42:03.0352|$logger}|INFO|BLCoreWorkerService running at: 12/02/2022 21:42:03 -05:00, command: (null) 
2022-12-02 21:42:04.0497|$logger}|INFO|BLCoreWorkerService running at: 12/02/2022 21:42:04 -05:00, command: (null) 
2022-12-02 21:42:05.0532|$logger}|INFO|BLCoreWorkerService running at: 12/02/2022 21:42:05 -05:00, command: (null) 
2022-12-02 21:42:06.0676|$logger}|INFO|BLCoreWorkerService running at: 12/02/2022 21:42:06 -05:00, command: (null) 
2022-12-02 21:42:07.0812|$logger}|INFO|BLCoreWorkerService running at: 12/02/2022 21:42:07 -05:00, command: (null) 
2022-12-02 21:42:08.0970|$logger}|INFO|BLCoreWorkerService running at: 12/02/2022 21:42:08 -05:00, command: (null) 
2022-12-02 21:42:09.1127|$logger}|INFO|BLCoreWorkerService running at: 12/02/2022 21:42:09 -05:00, command: (null) 
2022-12-02 21:42:10.1149|$logger}|INFO|BLCoreWorkerService running at: 12/02/2022 21:42:10 -05:00, command: (null) 
2022-12-02 21:42:11.1168|$logger}|INFO|BLCoreWorkerService running at: 12/02/2022 21:42:11 -05:00, command: (null) 
2022-12-02 21:42:12.1308|$logger}|INFO|BLCoreWorkerService running at: 12/02/2022 21:42:12 -05:00, command: (null) 
2022-12-02 21:42:13.1432|$logger}|INFO|BLCoreWorkerService running at: 12/02/2022 21:42:13 -05:00, command: (null) 
2022-12-02 21:42:14.1581|$logger}|INFO|BLCoreWorkerService running at: 12/02/2022 21:42:14 -05:00, command: (null) 
2022-12-02 21:42:15.1716|$logger}|INFO|BLCoreWorkerService running at: 12/02/2022 21:42:15 -05:00, command: (null) 
2022-12-02 21:42:46.8506|$logger}|DEBUG|init main 
2022-12-02 21:42:47.5751|$logger}|INFO|BLCoreWorkerService running at: 12/02/2022 21:42:47 -05:00, command: (null) 
2022-12-02 21:42:47.5751|$logger}|INFO|Application started. Press Ctrl+C to shut down. 
2022-12-02 21:42:47.5751|$logger}|INFO|Hosting environment: Development 
2022-12-02 21:42:47.5751|$logger}|INFO|Content root path: C:\Users\pmcar\source\repos\BLCoreWebAPI 
2022-12-02 21:42:47.6282|$logger}|INFO|BLCoreWorkerService is running... 
2022-12-02 21:42:48.5820|$logger}|INFO|BLCoreWorkerService running at: 12/02/2022 21:42:48 -05:00, command: (null) 
2022-12-02 21:42:49.5848|$logger}|INFO|BLCoreWorkerService running at: 12/02/2022 21:42:49 -05:00, command: (null) 
2022-12-02 21:42:50.6016|$logger}|INFO|BLCoreWorkerService running at: 12/02/2022 21:42:50 -05:00, command: (null) 
2022-12-02 21:42:51.6150|$logger}|INFO|BLCoreWorkerService running at: 12/02/2022 21:42:51 -05:00, command: (null) 
2022-12-02 21:42:52.6158|$logger}|INFO|BLCoreWorkerService running at: 12/02/2022 21:42:52 -05:00, command: (null) 
2022-12-02 21:42:53.6200|$logger}|INFO|BLCoreWorkerService running at: 12/02/2022 21:42:53 -05:00, command: (null) 
2022-12-02 21:42:54.6338|$logger}|INFO|BLCoreWorkerService running at: 12/02/2022 21:42:54 -05:00, command: (null) 
2022-12-02 21:42:55.6503|$logger}|INFO|BLCoreWorkerService running at: 12/02/2022 21:42:55 -05:00, command: (null) 
2022-12-02 21:42:56.6666|$logger}|INFO|BLCoreWorkerService running at: 12/02/2022 21:42:56 -05:00, command: (null) 
2022-12-02 21:42:57.6824|$logger}|INFO|BLCoreWorkerService running at: 12/02/2022 21:42:57 -05:00, command: (null) 
2022-12-02 21:42:58.6996|$logger}|INFO|BLCoreWorkerService running at: 12/02/2022 21:42:58 -05:00, command: (null) 
2022-12-02 21:42:59.7154|$logger}|INFO|BLCoreWorkerService running at: 12/02/2022 21:42:59 -05:00, command: (null) 
2022-12-02 21:43:00.7177|$logger}|INFO|BLCoreWorkerService running at: 12/02/2022 21:43:00 -05:00, command: (null) 
2022-12-02 21:43:01.7310|$logger}|INFO|BLCoreWorkerService running at: 12/02/2022 21:43:01 -05:00, command: (null) 
2022-12-02 21:43:02.7451|$logger}|INFO|BLCoreWorkerService running at: 12/02/2022 21:43:02 -05:00, command: (null) 
2022-12-02 21:43:03.7594|$logger}|INFO|BLCoreWorkerService running at: 12/02/2022 21:43:03 -05:00, command: (null) 
2022-12-02 21:43:04.7744|$logger}|INFO|BLCoreWorkerService running at: 12/02/2022 21:43:04 -05:00, command: (null) 
2022-12-02 21:43:05.7873|$logger}|INFO|BLCoreWorkerService running at: 12/02/2022 21:43:05 -05:00, command: (null) 
2022-12-02 21:43:06.7889|$logger}|INFO|BLCoreWorkerService running at: 12/02/2022 21:43:06 -05:00, command: (null) 
2022-12-02 21:43:07.8036|$logger}|INFO|BLCoreWorkerService running at: 12/02/2022 21:43:07 -05:00, command: (null) 
2022-12-02 21:43:08.8193|$logger}|INFO|BLCoreWorkerService running at: 12/02/2022 21:43:08 -05:00, command: (null) 
2022-12-02 21:43:09.8219|$logger}|INFO|BLCoreWorkerService running at: 12/02/2022 21:43:09 -05:00, command: (null) 
2022-12-02 21:43:10.8370|$logger}|INFO|BLCoreWorkerService running at: 12/02/2022 21:43:10 -05:00, command: (null) 
2022-12-02 21:43:11.8524|$logger}|INFO|BLCoreWorkerService running at: 12/02/2022 21:43:11 -05:00, command: (null) 
2022-12-02 21:43:12.8681|$logger}|INFO|BLCoreWorkerService running at: 12/02/2022 21:43:12 -05:00, command: (null) 
2022-12-02 21:43:13.8829|$logger}|INFO|BLCoreWorkerService running at: 12/02/2022 21:43:13 -05:00, command: (null) 
2022-12-02 21:43:14.8998|$logger}|INFO|BLCoreWorkerService running at: 12/02/2022 21:43:14 -05:00, command: (null) 
2022-12-02 21:43:15.9169|$logger}|INFO|BLCoreWorkerService running at: 12/02/2022 21:43:15 -05:00, command: (null) 
2022-12-02 21:43:16.9181|$logger}|INFO|BLCoreWorkerService running at: 12/02/2022 21:43:16 -05:00, command: (null) 
2022-12-02 21:43:17.9320|$logger}|INFO|BLCoreWorkerService running at: 12/02/2022 21:43:17 -05:00, command: (null) 
2022-12-02 21:43:18.9359|$logger}|INFO|BLCoreWorkerService running at: 12/02/2022 21:43:18 -05:00, command: (null) 
2022-12-02 21:43:19.9508|$logger}|INFO|BLCoreWorkerService running at: 12/02/2022 21:43:19 -05:00, command: (null) 
2022-12-02 21:43:20.9648|$logger}|INFO|BLCoreWorkerService running at: 12/02/2022 21:43:20 -05:00, command: (null) 
2022-12-02 21:43:21.9804|$logger}|INFO|BLCoreWorkerService running at: 12/02/2022 21:43:21 -05:00, command: (null) 
2022-12-02 21:43:22.9963|$logger}|INFO|BLCoreWorkerService running at: 12/02/2022 21:43:22 -05:00, command: (null) 
2022-12-02 21:43:23.9989|$logger}|INFO|BLCoreWorkerService running at: 12/02/2022 21:43:23 -05:00, command: (null) 
2022-12-02 21:43:25.0146|$logger}|INFO|BLCoreWorkerService running at: 12/02/2022 21:43:25 -05:00, command: (null) 
2022-12-02 21:43:26.0280|$logger}|INFO|BLCoreWorkerService running at: 12/02/2022 21:43:26 -05:00, command: (null) 
2022-12-02 21:43:27.0434|$logger}|INFO|BLCoreWorkerService running at: 12/02/2022 21:43:27 -05:00, command: (null) 
2022-12-02 21:43:28.0455|$logger}|INFO|BLCoreWorkerService running at: 12/02/2022 21:43:28 -05:00, command: (null) 
2022-12-02 21:43:29.0603|$logger}|INFO|BLCoreWorkerService running at: 12/02/2022 21:43:29 -05:00, command: (null) 
2022-12-02 21:43:30.0756|$logger}|INFO|BLCoreWorkerService running at: 12/02/2022 21:43:30 -05:00, command: (null) 
2022-12-02 21:43:31.0790|$logger}|INFO|BLCoreWorkerService running at: 12/02/2022 21:43:31 -05:00, command: (null) 
2022-12-02 21:43:32.0835|$logger}|INFO|BLCoreWorkerService running at: 12/02/2022 21:43:32 -05:00, command: (null) 
2022-12-02 21:43:33.0861|$logger}|INFO|BLCoreWorkerService running at: 12/02/2022 21:43:33 -05:00, command: (null) 
2022-12-02 21:43:34.0881|$logger}|INFO|BLCoreWorkerService running at: 12/02/2022 21:43:34 -05:00, command: (null) 
2022-12-02 21:43:35.1014|$logger}|INFO|BLCoreWorkerService running at: 12/02/2022 21:43:35 -05:00, command: (null) 
2022-12-02 21:43:36.1035|$logger}|INFO|BLCoreWorkerService running at: 12/02/2022 21:43:36 -05:00, command: (null) 
2022-12-02 21:43:37.1180|$logger}|INFO|BLCoreWorkerService running at: 12/02/2022 21:43:37 -05:00, command: (null) 
2022-12-02 21:43:38.1193|$logger}|INFO|BLCoreWorkerService running at: 12/02/2022 21:43:38 -05:00, command: (null) 
2022-12-02 21:43:39.1229|$logger}|INFO|BLCoreWorkerService running at: 12/02/2022 21:43:39 -05:00, command: (null) 
2022-12-02 21:43:40.1357|$logger}|INFO|BLCoreWorkerService running at: 12/02/2022 21:43:40 -05:00, command: (null) 
2022-12-02 21:43:41.1382|$logger}|INFO|BLCoreWorkerService running at: 12/02/2022 21:43:41 -05:00, command: (null) 
2022-12-02 21:43:42.1391|$logger}|INFO|BLCoreWorkerService running at: 12/02/2022 21:43:42 -05:00, command: (null) 
2022-12-02 21:43:43.1539|$logger}|INFO|BLCoreWorkerService running at: 12/02/2022 21:43:43 -05:00, command: (null) 
2022-12-02 21:43:44.1687|$logger}|INFO|BLCoreWorkerService running at: 12/02/2022 21:43:44 -05:00, command: (null) 
2022-12-02 21:43:45.1699|$logger}|INFO|BLCoreWorkerService running at: 12/02/2022 21:43:45 -05:00, command: (null) 
2022-12-02 21:43:46.1854|$logger}|INFO|BLCoreWorkerService running at: 12/02/2022 21:43:46 -05:00, command: (null) 
2022-12-02 21:43:47.1877|$logger}|INFO|BLCoreWorkerService running at: 12/02/2022 21:43:47 -05:00, command: (null) 
2022-12-02 21:43:48.1994|$logger}|INFO|BLCoreWorkerService running at: 12/02/2022 21:43:48 -05:00, command: (null) 
2022-12-02 21:43:49.2140|$logger}|INFO|BLCoreWorkerService running at: 12/02/2022 21:43:49 -05:00, command: (null) 
2022-12-02 21:43:50.2257|$logger}|INFO|BLCoreWorkerService running at: 12/02/2022 21:43:50 -05:00, command: (null) 
2022-12-02 21:43:51.2272|$logger}|INFO|BLCoreWorkerService running at: 12/02/2022 21:43:51 -05:00, command: (null) 
2022-12-02 21:43:52.2284|$logger}|INFO|BLCoreWorkerService running at: 12/02/2022 21:43:52 -05:00, command: (null) 
2022-12-02 21:43:53.2439|$logger}|INFO|BLCoreWorkerService running at: 12/02/2022 21:43:53 -05:00, command: (null) 
2022-12-02 21:43:54.2449|$logger}|INFO|BLCoreWorkerService running at: 12/02/2022 21:43:54 -05:00, command: (null) 
2022-12-02 21:43:55.2603|$logger}|INFO|BLCoreWorkerService running at: 12/02/2022 21:43:55 -05:00, command: (null) 
2022-12-02 21:43:56.2747|$logger}|INFO|BLCoreWorkerService running at: 12/02/2022 21:43:56 -05:00, command: (null) 
2022-12-02 21:43:57.2901|$logger}|INFO|BLCoreWorkerService running at: 12/02/2022 21:43:57 -05:00, command: (null) 
2022-12-02 21:43:58.2911|$logger}|INFO|BLCoreWorkerService running at: 12/02/2022 21:43:58 -05:00, command: (null) 
2022-12-02 21:43:59.3046|$logger}|INFO|BLCoreWorkerService running at: 12/02/2022 21:43:59 -05:00, command: (null) 
2022-12-02 21:44:00.3204|$logger}|INFO|BLCoreWorkerService running at: 12/02/2022 21:44:00 -05:00, command: (null) 
2022-12-02 21:44:01.3367|$logger}|INFO|BLCoreWorkerService running at: 12/02/2022 21:44:01 -05:00, command: (null) 
2022-12-02 21:44:02.3539|$logger}|INFO|BLCoreWorkerService running at: 12/02/2022 21:44:02 -05:00, command: (null) 
2022-12-02 21:44:03.3694|$logger}|INFO|BLCoreWorkerService running at: 12/02/2022 21:44:03 -05:00, command: (null) 
2022-12-02 21:44:04.3838|$logger}|INFO|BLCoreWorkerService running at: 12/02/2022 21:44:04 -05:00, command: (null) 
2022-12-02 21:44:05.3968|$logger}|INFO|BLCoreWorkerService running at: 12/02/2022 21:44:05 -05:00, command: (null) 
2022-12-02 21:44:06.3977|$logger}|INFO|BLCoreWorkerService running at: 12/02/2022 21:44:06 -05:00, command: (null) 
2022-12-02 21:44:07.3988|$logger}|INFO|BLCoreWorkerService running at: 12/02/2022 21:44:07 -05:00, command: (null) 
2022-12-02 21:44:08.4122|$logger}|INFO|BLCoreWorkerService running at: 12/02/2022 21:44:08 -05:00, command: (null) 
2022-12-02 21:44:09.4271|$logger}|INFO|BLCoreWorkerService running at: 12/02/2022 21:44:09 -05:00, command: (null) 
2022-12-02 21:44:10.4425|$logger}|INFO|BLCoreWorkerService running at: 12/02/2022 21:44:10 -05:00, command: (null) 
2022-12-02 21:44:11.4442|$logger}|INFO|BLCoreWorkerService running at: 12/02/2022 21:44:11 -05:00, command: (null) 
2022-12-02 21:44:12.4589|$logger}|INFO|BLCoreWorkerService running at: 12/02/2022 21:44:12 -05:00, command: (null) 
2022-12-02 21:44:13.4752|$logger}|INFO|BLCoreWorkerService running at: 12/02/2022 21:44:13 -05:00, command: (null) 
2022-12-02 21:44:14.4900|$logger}|INFO|BLCoreWorkerService running at: 12/02/2022 21:44:14 -05:00, command: (null) 
2022-12-02 21:44:15.5048|$logger}|INFO|BLCoreWorkerService running at: 12/02/2022 21:44:15 -05:00, command: (null) 
2022-12-02 21:44:16.5197|$logger}|INFO|BLCoreWorkerService running at: 12/02/2022 21:44:16 -05:00, command: (null) 
2022-12-02 21:44:17.5215|$logger}|INFO|BLCoreWorkerService running at: 12/02/2022 21:44:17 -05:00, command: (null) 
2022-12-02 21:44:18.5364|$logger}|INFO|BLCoreWorkerService running at: 12/02/2022 21:44:18 -05:00, command: (null) 
2022-12-02 21:44:19.5512|$logger}|INFO|BLCoreWorkerService running at: 12/02/2022 21:44:19 -05:00, command: (null) 
2022-12-02 21:44:20.5654|$logger}|INFO|BLCoreWorkerService running at: 12/02/2022 21:44:20 -05:00, command: (null) 
2022-12-02 21:44:21.5668|$logger}|INFO|BLCoreWorkerService running at: 12/02/2022 21:44:21 -05:00, command: (null) 
2022-12-02 21:44:22.5800|$logger}|INFO|BLCoreWorkerService running at: 12/02/2022 21:44:22 -05:00, command: (null) 
2022-12-02 21:44:23.5814|$logger}|INFO|BLCoreWorkerService running at: 12/02/2022 21:44:23 -05:00, command: (null) 
2022-12-02 21:44:24.5943|$logger}|INFO|BLCoreWorkerService running at: 12/02/2022 21:44:24 -05:00, command: (null) 
2022-12-02 21:44:25.6101|$logger}|INFO|BLCoreWorkerService running at: 12/02/2022 21:44:25 -05:00, command: (null) 
2022-12-02 21:44:26.6242|$logger}|INFO|BLCoreWorkerService running at: 12/02/2022 21:44:26 -05:00, command: (null) 
2022-12-02 21:44:27.6371|$logger}|INFO|BLCoreWorkerService running at: 12/02/2022 21:44:27 -05:00, command: (null) 
2022-12-02 21:44:28.6526|$logger}|INFO|BLCoreWorkerService running at: 12/02/2022 21:44:28 -05:00, command: (null) 
2022-12-02 21:44:29.6671|$logger}|INFO|BLCoreWorkerService running at: 12/02/2022 21:44:29 -05:00, command: (null) 
2022-12-02 21:44:30.6822|$logger}|INFO|BLCoreWorkerService running at: 12/02/2022 21:44:30 -05:00, command: (null) 
2022-12-02 21:44:31.6980|$logger}|INFO|BLCoreWorkerService running at: 12/02/2022 21:44:31 -05:00, command: (null) 
2022-12-02 21:44:32.7118|$logger}|INFO|BLCoreWorkerService running at: 12/02/2022 21:44:32 -05:00, command: (null) 
2022-12-02 21:44:33.7132|$logger}|INFO|BLCoreWorkerService running at: 12/02/2022 21:44:33 -05:00, command: (null) 
2022-12-02 21:44:34.7269|$logger}|INFO|BLCoreWorkerService running at: 12/02/2022 21:44:34 -05:00, command: (null) 
2022-12-02 21:44:35.7413|$logger}|INFO|BLCoreWorkerService running at: 12/02/2022 21:44:35 -05:00, command: (null) 
2022-12-02 21:44:36.7555|$logger}|INFO|BLCoreWorkerService running at: 12/02/2022 21:44:36 -05:00, command: (null) 
2022-12-02 21:44:37.7673|$logger}|INFO|BLCoreWorkerService running at: 12/02/2022 21:44:37 -05:00, command: (null) 
2022-12-02 21:44:38.7815|$logger}|INFO|BLCoreWorkerService running at: 12/02/2022 21:44:38 -05:00, command: (null) 
2022-12-02 21:44:39.7844|$logger}|INFO|BLCoreWorkerService running at: 12/02/2022 21:44:39 -05:00, command: (null) 
2022-12-02 21:44:40.7881|$logger}|INFO|BLCoreWorkerService running at: 12/02/2022 21:44:40 -05:00, command: (null) 
2022-12-02 21:44:41.8031|$logger}|INFO|BLCoreWorkerService running at: 12/02/2022 21:44:41 -05:00, command: (null) 
2022-12-02 21:44:42.8185|$logger}|INFO|BLCoreWorkerService running at: 12/02/2022 21:44:42 -05:00, command: (null) 
2022-12-02 21:44:43.8313|$logger}|INFO|BLCoreWorkerService running at: 12/02/2022 21:44:43 -05:00, command: (null) 
2022-12-02 21:44:44.8481|$logger}|INFO|BLCoreWorkerService running at: 12/02/2022 21:44:44 -05:00, command: (null) 
2022-12-02 21:44:45.8631|$logger}|INFO|BLCoreWorkerService running at: 12/02/2022 21:44:45 -05:00, command: (null) 
2022-12-02 21:44:46.8784|$logger}|INFO|BLCoreWorkerService running at: 12/02/2022 21:44:46 -05:00, command: (null) 
2022-12-02 21:44:47.8943|$logger}|INFO|BLCoreWorkerService running at: 12/02/2022 21:44:47 -05:00, command: (null) 
2022-12-02 21:44:48.8966|$logger}|INFO|BLCoreWorkerService running at: 12/02/2022 21:44:48 -05:00, command: (null) 
2022-12-02 21:44:49.9126|$logger}|INFO|BLCoreWorkerService running at: 12/02/2022 21:44:49 -05:00, command: (null) 
2022-12-02 21:44:50.9134|$logger}|INFO|BLCoreWorkerService running at: 12/02/2022 21:44:50 -05:00, command: (null) 
2022-12-02 21:44:51.9150|$logger}|INFO|BLCoreWorkerService running at: 12/02/2022 21:44:51 -05:00, command: (null) 
2022-12-02 21:44:52.9298|$logger}|INFO|BLCoreWorkerService running at: 12/02/2022 21:44:52 -05:00, command: (null) 
2022-12-02 21:44:53.9459|$logger}|INFO|BLCoreWorkerService running at: 12/02/2022 21:44:53 -05:00, command: (null) 
2022-12-02 21:44:54.9617|$logger}|INFO|BLCoreWorkerService running at: 12/02/2022 21:44:54 -05:00, command: (null) 
2022-12-02 21:44:55.9765|$logger}|INFO|BLCoreWorkerService running at: 12/02/2022 21:44:55 -05:00, command: (null) 
2022-12-02 21:44:56.9926|$logger}|INFO|BLCoreWorkerService running at: 12/02/2022 21:44:56 -05:00, command: (null) 
2022-12-02 21:44:58.0065|$logger}|INFO|BLCoreWorkerService running at: 12/02/2022 21:44:58 -05:00, command: (null) 
2022-12-02 21:44:59.0204|$logger}|INFO|BLCoreWorkerService running at: 12/02/2022 21:44:59 -05:00, command: (null) 
2022-12-02 21:45:00.0358|$logger}|INFO|BLCoreWorkerService running at: 12/02/2022 21:45:00 -05:00, command: (null) 
2022-12-02 21:45:01.0506|$logger}|INFO|BLCoreWorkerService running at: 12/02/2022 21:45:01 -05:00, command: (null) 
2022-12-02 21:45:02.0639|$logger}|INFO|BLCoreWorkerService running at: 12/02/2022 21:45:02 -05:00, command: (null) 
2022-12-02 21:45:03.0786|$logger}|INFO|BLCoreWorkerService running at: 12/02/2022 21:45:03 -05:00, command: (null) 
2022-12-02 21:45:04.0937|$logger}|INFO|BLCoreWorkerService running at: 12/02/2022 21:45:04 -05:00, command: (null) 
2022-12-02 21:45:05.1096|$logger}|INFO|BLCoreWorkerService running at: 12/02/2022 21:45:05 -05:00, command: (null) 
2022-12-02 21:45:06.1254|$logger}|INFO|BLCoreWorkerService running at: 12/02/2022 21:45:06 -05:00, command: (null) 
2022-12-02 21:45:07.1411|$logger}|INFO|BLCoreWorkerService running at: 12/02/2022 21:45:07 -05:00, command: (null) 
2022-12-02 21:45:08.1572|$logger}|INFO|BLCoreWorkerService running at: 12/02/2022 21:45:08 -05:00, command: (null) 
2022-12-02 21:45:09.1723|$logger}|INFO|BLCoreWorkerService running at: 12/02/2022 21:45:09 -05:00, command: (null) 
2022-12-02 21:45:10.1870|$logger}|INFO|BLCoreWorkerService running at: 12/02/2022 21:45:10 -05:00, command: (null) 
2022-12-02 21:45:11.2012|$logger}|INFO|BLCoreWorkerService running at: 12/02/2022 21:45:11 -05:00, command: (null) 
2022-12-02 21:45:12.2170|$logger}|INFO|BLCoreWorkerService running at: 12/02/2022 21:45:12 -05:00, command: (null) 
2022-12-02 21:45:13.2319|$logger}|INFO|BLCoreWorkerService running at: 12/02/2022 21:45:13 -05:00, command: (null) 
2022-12-02 21:45:14.2469|$logger}|INFO|BLCoreWorkerService running at: 12/02/2022 21:45:14 -05:00, command: (null) 
2022-12-02 21:45:15.2619|$logger}|INFO|BLCoreWorkerService running at: 12/02/2022 21:45:15 -05:00, command: (null) 
2022-12-02 21:45:16.2776|$logger}|INFO|BLCoreWorkerService running at: 12/02/2022 21:45:16 -05:00, command: (null) 
2022-12-02 21:45:17.2789|$logger}|INFO|BLCoreWorkerService running at: 12/02/2022 21:45:17 -05:00, command: (null) 
2022-12-02 21:45:18.2798|$logger}|INFO|BLCoreWorkerService running at: 12/02/2022 21:45:18 -05:00, command: (null) 
2022-12-02 21:45:19.2944|$logger}|INFO|BLCoreWorkerService running at: 12/02/2022 21:45:19 -05:00, command: (null) 
2022-12-02 21:45:20.3084|$logger}|INFO|BLCoreWorkerService running at: 12/02/2022 21:45:20 -05:00, command: (null) 
2022-12-02 21:45:21.3231|$logger}|INFO|BLCoreWorkerService running at: 12/02/2022 21:45:21 -05:00, command: (null) 
2022-12-02 21:45:22.3393|$logger}|INFO|BLCoreWorkerService running at: 12/02/2022 21:45:22 -05:00, command: (null) 
2022-12-02 21:45:23.3548|$logger}|INFO|BLCoreWorkerService running at: 12/02/2022 21:45:23 -05:00, command: (null) 
2022-12-02 21:45:24.3688|$logger}|INFO|BLCoreWorkerService running at: 12/02/2022 21:45:24 -05:00, command: (null) 
2022-12-02 21:45:25.3696|$logger}|INFO|BLCoreWorkerService running at: 12/02/2022 21:45:25 -05:00, command: (null) 
2022-12-02 21:45:26.3836|$logger}|INFO|BLCoreWorkerService running at: 12/02/2022 21:45:26 -05:00, command: (null) 
2022-12-02 21:45:27.3967|$logger}|INFO|BLCoreWorkerService running at: 12/02/2022 21:45:27 -05:00, command: (null) 
2022-12-02 21:45:28.4101|$logger}|INFO|BLCoreWorkerService running at: 12/02/2022 21:45:28 -05:00, command: (null) 
2022-12-02 21:45:29.4251|$logger}|INFO|BLCoreWorkerService running at: 12/02/2022 21:45:29 -05:00, command: (null) 
2022-12-02 21:45:30.4395|$logger}|INFO|BLCoreWorkerService running at: 12/02/2022 21:45:30 -05:00, command: (null) 
2022-12-02 21:45:31.4549|$logger}|INFO|BLCoreWorkerService running at: 12/02/2022 21:45:31 -05:00, command: (null) 
2022-12-02 21:45:32.4702|$logger}|INFO|BLCoreWorkerService running at: 12/02/2022 21:45:32 -05:00, command: (null) 
2022-12-02 21:45:33.4714|$logger}|INFO|BLCoreWorkerService running at: 12/02/2022 21:45:33 -05:00, command: (null) 
2022-12-02 21:45:34.4733|$logger}|INFO|BLCoreWorkerService running at: 12/02/2022 21:45:34 -05:00, command: (null) 
2022-12-02 21:45:35.4883|$logger}|INFO|BLCoreWorkerService running at: 12/02/2022 21:45:35 -05:00, command: (null) 
2022-12-02 21:45:36.5037|$logger}|INFO|BLCoreWorkerService running at: 12/02/2022 21:45:36 -05:00, command: (null) 
2022-12-02 21:45:37.5180|$logger}|INFO|BLCoreWorkerService running at: 12/02/2022 21:45:37 -05:00, command: (null) 
2022-12-02 21:45:38.5332|$logger}|INFO|BLCoreWorkerService running at: 12/02/2022 21:45:38 -05:00, command: (null) 
2022-12-02 21:45:39.5351|$logger}|INFO|BLCoreWorkerService running at: 12/02/2022 21:45:39 -05:00, command: (null) 
2022-12-02 21:45:40.5481|$logger}|INFO|BLCoreWorkerService running at: 12/02/2022 21:45:40 -05:00, command: (null) 
2022-12-02 21:45:41.5500|$logger}|INFO|BLCoreWorkerService running at: 12/02/2022 21:45:41 -05:00, command: (null) 
2022-12-02 21:45:42.5513|$logger}|INFO|BLCoreWorkerService running at: 12/02/2022 21:45:42 -05:00, command: (null) 
2022-12-02 21:45:43.5533|$logger}|INFO|BLCoreWorkerService running at: 12/02/2022 21:45:43 -05:00, command: (null) 
2022-12-02 21:45:44.5656|$logger}|INFO|BLCoreWorkerService running at: 12/02/2022 21:45:44 -05:00, command: (null) 
2022-12-02 21:45:45.5794|$logger}|INFO|BLCoreWorkerService running at: 12/02/2022 21:45:45 -05:00, command: (null) 
2022-12-02 21:45:46.5956|$logger}|INFO|BLCoreWorkerService running at: 12/02/2022 21:45:46 -05:00, command: (null) 
2022-12-02 21:45:47.6116|$logger}|INFO|BLCoreWorkerService running at: 12/02/2022 21:45:47 -05:00, command: (null) 
2022-12-02 21:45:48.6265|$logger}|INFO|BLCoreWorkerService running at: 12/02/2022 21:45:48 -05:00, command: (null) 
2022-12-02 21:45:49.6416|$logger}|INFO|BLCoreWorkerService running at: 12/02/2022 21:45:49 -05:00, command: (null) 
2022-12-02 21:45:50.6570|$logger}|INFO|BLCoreWorkerService running at: 12/02/2022 21:45:50 -05:00, command: (null) 
2022-12-02 21:45:51.6726|$logger}|INFO|BLCoreWorkerService running at: 12/02/2022 21:45:51 -05:00, command: (null) 
2022-12-02 21:45:52.6739|$logger}|INFO|BLCoreWorkerService running at: 12/02/2022 21:45:52 -05:00, command: (null) 
2022-12-02 21:45:53.6777|$logger}|INFO|BLCoreWorkerService running at: 12/02/2022 21:45:53 -05:00, command: (null) 
2022-12-02 21:45:54.6791|$logger}|INFO|BLCoreWorkerService running at: 12/02/2022 21:45:54 -05:00, command: (null) 
2022-12-02 21:45:55.6947|$logger}|INFO|BLCoreWorkerService running at: 12/02/2022 21:45:55 -05:00, command: (null) 
2022-12-02 21:45:56.7112|$logger}|INFO|BLCoreWorkerService running at: 12/02/2022 21:45:56 -05:00, command: (null) 
2022-12-02 21:45:57.7264|$logger}|INFO|BLCoreWorkerService running at: 12/02/2022 21:45:57 -05:00, command: (null) 
2022-12-02 21:45:58.7416|$logger}|INFO|BLCoreWorkerService running at: 12/02/2022 21:45:58 -05:00, command: (null) 
2022-12-02 21:45:59.7550|$logger}|INFO|BLCoreWorkerService running at: 12/02/2022 21:45:59 -05:00, command: (null) 
2022-12-02 21:46:00.7709|$logger}|INFO|BLCoreWorkerService running at: 12/02/2022 21:46:00 -05:00, command: (null) 
2022-12-02 21:46:01.7869|$logger}|INFO|BLCoreWorkerService running at: 12/02/2022 21:46:01 -05:00, command: (null) 
2022-12-02 21:46:02.8017|$logger}|INFO|BLCoreWorkerService running at: 12/02/2022 21:46:02 -05:00, command: (null) 
2022-12-02 21:46:03.8161|$logger}|INFO|BLCoreWorkerService running at: 12/02/2022 21:46:03 -05:00, command: (null) 
2022-12-02 21:46:04.8320|$logger}|INFO|BLCoreWorkerService running at: 12/02/2022 21:46:04 -05:00, command: (null) 
2022-12-02 21:46:05.8477|$logger}|INFO|BLCoreWorkerService running at: 12/02/2022 21:46:05 -05:00, command: (null) 
2022-12-02 21:46:06.8497|$logger}|INFO|BLCoreWorkerService running at: 12/02/2022 21:46:06 -05:00, command: (null) 
2022-12-02 21:46:07.8623|$logger}|INFO|BLCoreWorkerService running at: 12/02/2022 21:46:07 -05:00, command: (null) 
2022-12-02 21:46:08.8774|$logger}|INFO|BLCoreWorkerService running at: 12/02/2022 21:46:08 -05:00, command: (null) 
2022-12-02 21:46:40.3681|$logger}|DEBUG|init main 
2022-12-02 21:46:41.1637|$logger}|INFO|BLCoreWorkerService running at: 12/02/2022 21:46:41 -05:00, command: (null) 
2022-12-02 21:46:41.1671|$logger}|INFO|Application started. Press Ctrl+C to shut down. 
2022-12-02 21:46:41.1671|$logger}|INFO|Hosting environment: Development 
2022-12-02 21:46:41.1671|$logger}|INFO|Content root path: C:\Users\pmcar\source\repos\BLCoreWebAPI 
2022-12-02 21:46:41.2098|$logger}|INFO|BLCoreWorkerService is running... 
2022-12-02 21:46:42.1737|$logger}|INFO|BLCoreWorkerService running at: 12/02/2022 21:46:42 -05:00, command: (null) 
2022-12-02 21:46:43.1878|$logger}|INFO|BLCoreWorkerService running at: 12/02/2022 21:46:43 -05:00, command: (null) 
2022-12-02 21:46:44.2029|$logger}|INFO|BLCoreWorkerService running at: 12/02/2022 21:46:44 -05:00, command: (null) 
2022-12-02 21:46:45.2187|$logger}|INFO|BLCoreWorkerService running at: 12/02/2022 21:46:45 -05:00, command: (null) 
2022-12-02 21:46:46.2346|$logger}|INFO|BLCoreWorkerService running at: 12/02/2022 21:46:46 -05:00, command: (null) 
2022-12-02 21:46:47.2503|$logger}|INFO|BLCoreWorkerService running at: 12/02/2022 21:46:47 -05:00, command: (null) 
2022-12-02 21:46:48.2651|$logger}|INFO|BLCoreWorkerService running at: 12/02/2022 21:46:48 -05:00, command: (null) 
2022-12-02 21:46:49.2798|$logger}|INFO|BLCoreWorkerService running at: 12/02/2022 21:46:49 -05:00, command: (null) 
2022-12-02 21:47:44.8923|$logger}|DEBUG|init main 
2022-12-02 21:47:45.6565|$logger}|INFO|BLCoreWorkerService running at: 12/02/2022 21:47:45 -05:00, command: (null) 
2022-12-02 21:47:45.6565|$logger}|INFO|Application started. Press Ctrl+C to shut down. 
2022-12-02 21:47:45.6565|$logger}|INFO|Hosting environment: Development 
2022-12-02 21:47:45.6565|$logger}|INFO|Content root path: C:\Users\pmcar\source\repos\BLCoreWebAPI 
2022-12-02 21:47:45.7068|$logger}|INFO|BLCoreWorkerService is running... 
2022-12-02 21:47:46.6657|$logger}|INFO|BLCoreWorkerService running at: 12/02/2022 21:47:46 -05:00, command: (null) 
2022-12-02 21:47:47.6804|$logger}|INFO|BLCoreWorkerService running at: 12/02/2022 21:47:47 -05:00, command: (null) 
2022-12-02 21:47:48.6971|$logger}|INFO|BLCoreWorkerService running at: 12/02/2022 21:47:48 -05:00, command: (null) 
2022-12-02 21:47:49.7107|$logger}|INFO|BLCoreWorkerService running at: 12/02/2022 21:47:49 -05:00, command: (null) 
2022-12-02 21:47:50.7291|$logger}|INFO|BLCoreWorkerService running at: 12/02/2022 21:47:50 -05:00, command: (null) 
2022-12-02 21:47:51.7460|$logger}|INFO|BLCoreWorkerService running at: 12/02/2022 21:47:51 -05:00, command: (null) 
2022-12-02 21:47:52.7480|$logger}|INFO|BLCoreWorkerService running at: 12/02/2022 21:47:52 -05:00, command: (null) 
2022-12-02 21:47:53.7637|$logger}|INFO|BLCoreWorkerService running at: 12/02/2022 21:47:53 -05:00, command: (null) 
2022-12-02 21:47:54.7789|$logger}|INFO|BLCoreWorkerService running at: 12/02/2022 21:47:54 -05:00, command: (null) 
2022-12-02 21:47:55.7928|$logger}|INFO|BLCoreWorkerService running at: 12/02/2022 21:47:55 -05:00, command: (null) 
2022-12-02 21:47:56.8069|$logger}|INFO|BLCoreWorkerService running at: 12/02/2022 21:47:56 -05:00, command: (null) 
2022-12-02 21:47:57.8220|$logger}|INFO|BLCoreWorkerService running at: 12/02/2022 21:47:57 -05:00, command: (null) 
2022-12-02 21:47:58.8361|$logger}|INFO|BLCoreWorkerService running at: 12/02/2022 21:47:58 -05:00, command: (null) 
2022-12-02 21:47:59.8497|$logger}|INFO|BLCoreWorkerService running at: 12/02/2022 21:47:59 -05:00, command: (null) 
2022-12-02 21:48:00.8632|$logger}|INFO|BLCoreWorkerService running at: 12/02/2022 21:48:00 -05:00, command: (null) 
2022-12-02 21:48:01.8784|$logger}|INFO|BLCoreWorkerService running at: 12/02/2022 21:48:01 -05:00, command: (null) 
2022-12-02 21:48:02.8929|$logger}|INFO|BLCoreWorkerService running at: 12/02/2022 21:48:02 -05:00, command: (null) 
2022-12-02 21:48:03.9089|$logger}|INFO|BLCoreWorkerService running at: 12/02/2022 21:48:03 -05:00, command: (null) 
2022-12-02 21:48:04.9114|$logger}|INFO|BLCoreWorkerService running at: 12/02/2022 21:48:04 -05:00, command: (null) 
2022-12-02 21:48:05.9128|$logger}|INFO|BLCoreWorkerService running at: 12/02/2022 21:48:05 -05:00, command: (null) 
2022-12-02 21:48:06.9281|$logger}|INFO|BLCoreWorkerService running at: 12/02/2022 21:48:06 -05:00, command: (null) 
2022-12-02 21:48:07.9293|$logger}|INFO|BLCoreWorkerService running at: 12/02/2022 21:48:07 -05:00, command: (null) 
2022-12-02 21:48:08.9439|$logger}|INFO|BLCoreWorkerService running at: 12/02/2022 21:48:08 -05:00, command: (null) 
2022-12-02 21:48:09.9581|$logger}|INFO|BLCoreWorkerService running at: 12/02/2022 21:48:09 -05:00, command: (null) 
2022-12-02 21:48:10.9593|$logger}|INFO|BLCoreWorkerService running at: 12/02/2022 21:48:10 -05:00, command: (null) 
2022-12-02 21:48:11.9734|$logger}|INFO|BLCoreWorkerService running at: 12/02/2022 21:48:11 -05:00, command: (null) 
2022-12-02 21:48:12.9891|$logger}|INFO|BLCoreWorkerService running at: 12/02/2022 21:48:12 -05:00, command: (null) 
2022-12-02 21:48:13.0612|$logger}|INFO|apiCommand: SOMETHING! 
2022-12-02 21:48:14.0029|$logger}|INFO|BLCoreWorkerService running at: 12/02/2022 21:48:14 -05:00, command: SOMETHING! 
2022-12-02 21:48:15.0183|$logger}|INFO|BLCoreWorkerService running at: 12/02/2022 21:48:15 -05:00, command: SOMETHING! 
2022-12-02 21:48:16.0337|$logger}|INFO|BLCoreWorkerService running at: 12/02/2022 21:48:16 -05:00, command: SOMETHING! 
2022-12-02 21:48:17.0495|$logger}|INFO|BLCoreWorkerService running at: 12/02/2022 21:48:17 -05:00, command: SOMETHING! 
2022-12-02 21:48:18.0646|$logger}|INFO|BLCoreWorkerService running at: 12/02/2022 21:48:18 -05:00, command: SOMETHING! 
2022-12-02 21:48:19.0784|$logger}|INFO|BLCoreWorkerService running at: 12/02/2022 21:48:19 -05:00, command: SOMETHING! 
2022-12-02 21:48:20.0802|$logger}|INFO|BLCoreWorkerService running at: 12/02/2022 21:48:20 -05:00, command: SOMETHING! 
2022-12-02 21:48:21.1033|$logger}|INFO|BLCoreWorkerService running at: 12/02/2022 21:48:21 -05:00, command: SOMETHING! 
2022-12-02 21:48:22.1119|$logger}|INFO|BLCoreWorkerService running at: 12/02/2022 21:48:22 -05:00, command: SOMETHING! 
2022-12-02 21:48:23.1265|$logger}|INFO|BLCoreWorkerService running at: 12/02/2022 21:48:23 -05:00, command: SOMETHING! 
2022-12-02 21:48:24.1289|$logger}|INFO|BLCoreWorkerService running at: 12/02/2022 21:48:24 -05:00, command: SOMETHING! 
2022-12-02 21:48:25.1437|$logger}|INFO|BLCoreWorkerService running at: 12/02/2022 21:48:25 -05:00, command: SOMETHING! 
2022-12-02 21:48:26.1572|$logger}|INFO|BLCoreWorkerService running at: 12/02/2022 21:48:26 -05:00, command: SOMETHING! 
2022-12-02 21:48:27.1715|$logger}|INFO|BLCoreWorkerService running at: 12/02/2022 21:48:27 -05:00, command: SOMETHING! 
2022-12-02 21:48:28.1845|$logger}|INFO|BLCoreWorkerService running at: 12/02/2022 21:48:28 -05:00, command: SOMETHING! 
2022-12-02 21:48:29.1861|$logger}|INFO|BLCoreWorkerService running at: 12/02/2022 21:48:29 -05:00, command: SOMETHING! 
2022-12-02 21:48:30.1991|$logger}|INFO|BLCoreWorkerService running at: 12/02/2022 21:48:30 -05:00, command: SOMETHING! 
2022-12-02 21:48:31.2141|$logger}|INFO|BLCoreWorkerService running at: 12/02/2022 21:48:31 -05:00, command: SOMETHING! 
2022-12-02 21:48:32.2170|$logger}|INFO|BLCoreWorkerService running at: 12/02/2022 21:48:32 -05:00, command: SOMETHING! 
2022-12-02 21:48:33.2183|$logger}|INFO|BLCoreWorkerService running at: 12/02/2022 21:48:33 -05:00, command: SOMETHING! 
2022-12-02 21:48:34.2335|$logger}|INFO|BLCoreWorkerService running at: 12/02/2022 21:48:34 -05:00, command: SOMETHING! 
2022-12-02 21:48:35.2488|$logger}|INFO|BLCoreWorkerService running at: 12/02/2022 21:48:35 -05:00, command: SOMETHING! 
2022-12-02 21:48:36.2637|$logger}|INFO|BLCoreWorkerService running at: 12/02/2022 21:48:36 -05:00, command: SOMETHING! 
2022-12-02 21:48:37.2779|$logger}|INFO|BLCoreWorkerService running at: 12/02/2022 21:48:37 -05:00, command: SOMETHING! 
2022-12-02 21:48:38.2813|$logger}|INFO|BLCoreWorkerService running at: 12/02/2022 21:48:38 -05:00, command: SOMETHING! 
2022-12-02 21:48:39.2965|$logger}|INFO|BLCoreWorkerService running at: 12/02/2022 21:48:39 -05:00, command: SOMETHING! 
2022-12-02 21:48:40.3122|$logger}|INFO|BLCoreWorkerService running at: 12/02/2022 21:48:40 -05:00, command: SOMETHING! 
2022-12-02 21:48:41.3272|$logger}|INFO|BLCoreWorkerService running at: 12/02/2022 21:48:41 -05:00, command: SOMETHING! 
2022-12-02 21:48:42.3428|$logger}|INFO|BLCoreWorkerService running at: 12/02/2022 21:48:42 -05:00, command: SOMETHING! 
2022-12-02 21:48:43.3567|$logger}|INFO|BLCoreWorkerService running at: 12/02/2022 21:48:43 -05:00, command: SOMETHING! 
2022-12-02 21:48:44.3727|$logger}|INFO|BLCoreWorkerService running at: 12/02/2022 21:48:44 -05:00, command: SOMETHING! 
2022-12-02 21:48:45.3748|$logger}|INFO|BLCoreWorkerService running at: 12/02/2022 21:48:45 -05:00, command: SOMETHING! 
2022-12-02 21:48:46.3895|$logger}|INFO|BLCoreWorkerService running at: 12/02/2022 21:48:46 -05:00, command: SOMETHING! 
2022-12-02 21:48:47.4057|$logger}|INFO|BLCoreWorkerService running at: 12/02/2022 21:48:47 -05:00, command: SOMETHING! 
2022-12-02 21:48:48.4205|$logger}|INFO|BLCoreWorkerService running at: 12/02/2022 21:48:48 -05:00, command: SOMETHING! 
2022-12-02 21:48:49.4344|$logger}|INFO|BLCoreWorkerService running at: 12/02/2022 21:48:49 -05:00, command: SOMETHING! 
2022-12-02 21:48:50.4504|$logger}|INFO|BLCoreWorkerService running at: 12/02/2022 21:48:50 -05:00, command: SOMETHING! 
2022-12-02 21:48:51.4662|$logger}|INFO|BLCoreWorkerService running at: 12/02/2022 21:48:51 -05:00, command: SOMETHING! 
2022-12-02 21:48:52.4816|$logger}|INFO|BLCoreWorkerService running at: 12/02/2022 21:48:52 -05:00, command: SOMETHING! 
2022-12-02 21:48:53.4846|$logger}|INFO|BLCoreWorkerService running at: 12/02/2022 21:48:53 -05:00, command: SOMETHING! 
2022-12-02 21:48:54.4851|$logger}|INFO|BLCoreWorkerService running at: 12/02/2022 21:48:54 -05:00, command: SOMETHING! 
2022-12-02 21:48:55.4865|$logger}|INFO|BLCoreWorkerService running at: 12/02/2022 21:48:55 -05:00, command: SOMETHING! 
2022-12-02 21:48:56.4871|$logger}|INFO|BLCoreWorkerService running at: 12/02/2022 21:48:56 -05:00, command: SOMETHING! 
2022-12-02 21:48:57.4880|$logger}|INFO|BLCoreWorkerService running at: 12/02/2022 21:48:57 -05:00, command: SOMETHING! 
2022-12-02 21:48:58.5026|$logger}|INFO|BLCoreWorkerService running at: 12/02/2022 21:48:58 -05:00, command: SOMETHING! 
2022-12-02 21:48:59.5181|$logger}|INFO|BLCoreWorkerService running at: 12/02/2022 21:48:59 -05:00, command: SOMETHING! 
2022-12-02 21:49:00.5336|$logger}|INFO|BLCoreWorkerService running at: 12/02/2022 21:49:00 -05:00, command: SOMETHING! 
2022-12-02 21:49:01.5360|$logger}|INFO|BLCoreWorkerService running at: 12/02/2022 21:49:01 -05:00, command: SOMETHING! 
